# JRE version: OpenJDK Runtime Environment Microsoft-11933218 (21.0.8+9) (build 21.0.8+9-LTS)
# Java VM: OpenJDK 64-Bit Server VM Microsoft-11933218 (21.0.8+9-LTS, mixed mode, sharing, tiered, compressed oops, compressed class ptrs, g1 gc, windows-amd64)
GC Precious Log:
 CardTable entry size: 512
 Card Set container configuration: InlinePtr #cards 5 size 8 Array Of Cards #cards 12 size 40 Howl #buckets 4 coarsen threshold 1843 Howl Bitmap #cards 512 size 80 coarsen threshold 460 Card regions per heap region 1 cards per card region 2048
 CPUs: 8 total, 8 available
 Memory: 5877M
 Large Page Support: Disabled
 NUMA Support: Disabled
 Compressed Oops: Enabled (32-bit)
 Heap Region Size: 1M
 Heap Min Capacity: 8M
 Heap Initial Capacity: 92M
 Heap Max Capacity: 1470M
 Pre-touch: Disabled
 Parallel Workers: 8
 Concurrent Workers: 2
 Concurrent Refinement Workers: 8
 Periodic GC: Disabled
Heap:
 garbage-first heap   total 107520K, used 65536K [0x00000000a4200000, 0x0000000100000000)
  region size 1024K, 4 young (4096K), 4 survivors (4096K)
 Metaspace       used 81592K, committed 82432K, reserved 1179648K
  class space    used 11661K, committed 12032K, reserved 1048576K
GC Heap History (20 events):
Event: 12.149 GC heap after
{Heap after GC invocations=14 (full 0):
 garbage-first heap   total 73728K, used 34436K [0x00000000a4200000, 0x0000000100000000)
  region size 1024K, 4 young (4096K), 4 survivors (4096K)
 Metaspace       used 66856K, committed 67520K, reserved 1114112K
  class space    used 9322K, committed 9600K, reserved 1048576K
}
Event: 12.841 GC heap before
{Heap before GC invocations=14 (full 0):
 garbage-first heap   total 73728K, used 64132K [0x00000000a4200000, 0x0000000100000000)
  region size 1024K, 33 young (33792K), 4 survivors (4096K)
 Metaspace       used 70728K, committed 71360K, reserved 1114112K
  class space    used 10117K, committed 10368K, reserved 1048576K
}
Event: 12.853 GC heap after
{Heap after GC invocations=15 (full 0):
 garbage-first heap   total 73728K, used 36595K [0x00000000a4200000, 0x0000000100000000)
  region size 1024K, 5 young (5120K), 5 survivors (5120K)
 Metaspace       used 70728K, committed 71360K, reserved 1114112K
  class space    used 10117K, committed 10368K, reserved 1048576K
}
Event: 13.052 GC heap before
{Heap before GC invocations=15 (full 0):
 garbage-first heap   total 73728K, used 62195K [0x00000000a4200000, 0x0000000100000000)
  region size 1024K, 31 young (31744K), 5 survivors (5120K)
 Metaspace       used 72253K, committed 72896K, reserved 1114112K
  class space    used 10341K, committed 10624K, reserved 1048576K
}
Event: 13.063 GC heap after
{Heap after GC invocations=16 (full 0):
 garbage-first heap   total 73728K, used 38770K [0x00000000a4200000, 0x0000000100000000)
  region size 1024K, 2 young (2048K), 2 survivors (2048K)
 Metaspace       used 72253K, committed 72896K, reserved 1114112K
  class space    used 10341K, committed 10624K, reserved 1048576K
}
Event: 13.388 GC heap before
{Heap before GC invocations=16 (full 0):
 garbage-first heap   total 73728K, used 65394K [0x00000000a4200000, 0x0000000100000000)
  region size 1024K, 28 young (28672K), 2 survivors (2048K)
 Metaspace       used 73174K, committed 73856K, reserved 1114112K
  class space    used 10457K, committed 10752K, reserved 1048576K
}
Event: 13.394 GC heap after
{Heap after GC invocations=17 (full 0):
 garbage-first heap   total 73728K, used 39899K [0x00000000a4200000, 0x0000000100000000)
  region size 1024K, 3 young (3072K), 3 survivors (3072K)
 Metaspace       used 73174K, committed 73856K, reserved 1114112K
  class space    used 10457K, committed 10752K, reserved 1048576K
}
Event: 13.534 GC heap before
{Heap before GC invocations=18 (full 0):
 garbage-first heap   total 73728K, used 65499K [0x00000000a4200000, 0x0000000100000000)
  region size 1024K, 28 young (28672K), 3 survivors (3072K)
 Metaspace       used 73338K, committed 74048K, reserved 1114112K
  class space    used 10488K, committed 10816K, reserved 1048576K
}
Event: 13.539 GC heap after
{Heap after GC invocations=19 (full 0):
 garbage-first heap   total 73728K, used 40566K [0x00000000a4200000, 0x0000000100000000)
  region size 1024K, 2 young (2048K), 2 survivors (2048K)
 Metaspace       used 73338K, committed 74048K, reserved 1114112K
  class space    used 10488K, committed 10816K, reserved 1048576K
}
Event: 13.606 GC heap before
{Heap before GC invocations=19 (full 0):
 garbage-first heap   total 73728K, used 66166K [0x00000000a4200000, 0x0000000100000000)
  region size 1024K, 27 young (27648K), 2 survivors (2048K)
 Metaspace       used 73358K, committed 74048K, reserved 1114112K
  class space    used 10496K, committed 10816K, reserved 1048576K
}
Event: 13.619 GC heap after
{Heap after GC invocations=20 (full 0):
 garbage-first heap   total 99328K, used 45613K [0x00000000a4200000, 0x0000000100000000)
  region size 1024K, 4 young (4096K), 4 survivors (4096K)
 Metaspace       used 73358K, committed 74048K, reserved 1114112K
  class space    used 10496K, committed 10816K, reserved 1048576K
}
Event: 13.690 GC heap before
{Heap before GC invocations=20 (full 0):
 garbage-first heap   total 99328K, used 85549K [0x00000000a4200000, 0x0000000100000000)
  region size 1024K, 43 young (44032K), 4 survivors (4096K)
 Metaspace       used 73360K, committed 74112K, reserved 1114112K
  class space    used 10496K, committed 10816K, reserved 1048576K
}
Event: 13.705 GC heap after
{Heap after GC invocations=21 (full 0):
 garbage-first heap   total 99328K, used 53760K [0x00000000a4200000, 0x0000000100000000)
  region size 1024K, 6 young (6144K), 6 survivors (6144K)
 Metaspace       used 73360K, committed 74112K, reserved 1114112K
  class space    used 10496K, committed 10816K, reserved 1048576K
}
Event: 13.796 GC heap before
{Heap before GC invocations=21 (full 0):
 garbage-first heap   total 99328K, used 85504K [0x00000000a4200000, 0x0000000100000000)
  region size 1024K, 37 young (37888K), 6 survivors (6144K)
 Metaspace       used 73509K, committed 74176K, reserved 1114112K
  class space    used 10512K, committed 10816K, reserved 1048576K
}
Event: 13.814 GC heap after
{Heap after GC invocations=22 (full 0):
 garbage-first heap   total 100352K, used 62464K [0x00000000a4200000, 0x0000000100000000)
  region size 1024K, 5 young (5120K), 5 survivors (5120K)
 Metaspace       used 73509K, committed 74176K, reserved 1114112K
  class space    used 10512K, committed 10816K, reserved 1048576K
}
Event: 14.466 GC heap before
{Heap before GC invocations=22 (full 0):
 garbage-first heap   total 100352K, used 84992K [0x00000000a4200000, 0x0000000100000000)
  region size 1024K, 27 young (27648K), 5 survivors (5120K)
 Metaspace       used 76196K, committed 76992K, reserved 1179648K
  class space    used 10885K, committed 11264K, reserved 1048576K
}
Event: 14.480 GC heap after
{Heap after GC invocations=23 (full 0):
 garbage-first heap   total 100352K, used 65536K [0x00000000a4200000, 0x0000000100000000)
  region size 1024K, 3 young (3072K), 3 survivors (3072K)
 Metaspace       used 76196K, committed 76992K, reserved 1179648K
  class space    used 10885K, committed 11264K, reserved 1048576K
}
Event: 15.131 GC heap before
{Heap before GC invocations=24 (full 0):
 garbage-first heap   total 107520K, used 84992K [0x00000000a4200000, 0x0000000100000000)
  region size 1024K, 24 young (24576K), 3 survivors (3072K)
 Metaspace       used 78234K, committed 78976K, reserved 1179648K
  class space    used 11184K, committed 11520K, reserved 1048576K
}
Event: 15.139 GC heap after
{Heap after GC invocations=25 (full 0):
 garbage-first heap   total 107520K, used 65536K [0x00000000a4200000, 0x0000000100000000)
  region size 1024K, 2 young (2048K), 2 survivors (2048K)
 Metaspace       used 78234K, committed 78976K, reserved 1179648K
  class space    used 11184K, committed 11520K, reserved 1048576K
}
Event: 15.906 GC heap before
{Heap before GC invocations=25 (full 0):
 garbage-first heap   total 107520K, used 94208K [0x00000000a4200000, 0x0000000100000000)
  region size 1024K, 30 young (30720K), 2 survivors (2048K)
 Metaspace       used 81592K, committed 82432K, reserved 1179648K
  class space    used 11661K, committed 12032K, reserved 1048576K
}

